2023-10-26 20:08:19.153234 - Успешное подключение к БД Bank
2023-10-26 20:08:19.169388 - Успешное подключение к БД edu
2023-10-26 20:08:19.179545 - Очистка стейджинговых таблиц прошла успешно
2023-10-26 20:08:19.209699 -Успешная вставка данных в таблицу deaian.ptrv_stg_accounts
2023-10-26 20:08:19.256310 -Успешная вставка данных в таблицу deaian.ptrv_stg_cards
2023-10-26 20:08:19.276039 -Успешная вставка данных в таблицу deaian.ptrv_stg_clients
2023-10-26 20:08:19.389915 - Успешное считывание данных из terminals_01032021.xlsx
2023-10-26 20:08:19.466811 - Успешная вставка данных в таблицу deaian.ptrv_stg_terminals
2023-10-26 20:08:19.474910 - Успешное считывание данных из passport_blacklist_01032021.xlsx
2023-10-26 20:08:19.493007 - Успешная вставка данных в таблицу deaian.ptrv_stg_passport_blacklist
2023-10-26 20:08:19.514636 - Успешное считывание данных из transactions_01032021.txt
2023-10-26 20:08:23.242067 - Успешная вставка данных в таблицу deaian.ptrv_stg_transactions
2023-10-26 20:08:23.360193 - Успешная вставка данных в таблицу deaian.ptrv_dwh_dim_accounts_hist 
2023-10-26 20:08:23.364189 - Успешное обновление данных в таблице deaian.ptrv_dwh_dim_accounts_hist 
2023-10-26 20:08:23.419583 - Успешное удаление данных в таблице deaian.ptrv_dwh_dim_accounts_hist 
2023-10-26 20:08:23.481398 - Успешная вставка данных в таблицу deaian.ptrv_dwh_dim_cards_hist 
2023-10-26 20:08:23.491514 - Успешное обновление данных в таблице deaian.ptrv_dwh_dim_cards_hist 
2023-10-26 20:08:24.003908 - Успешное удаление данных в таблице deaian.ptrv_dwh_dim_cards_hist 
2023-10-26 20:08:24.067327 - Успешная вставка данных в таблицу deaian.ptrv_dwh_dim_clients_hist 
2023-10-26 20:08:24.069097 - Успешное обновление данных в таблице deaian.ptrv_dwh_dim_clients_hist 
2023-10-26 20:08:24.121264 - Успешное удаление данных в таблице deaian.ptrv_dwh_dim_clients_hist 
2023-10-26 20:08:24.128741 - Успешная вставка данных в таблицу deaian.ptrv_dwh_dim_terminals_hist 
2023-10-26 20:08:24.147078 - Успешное обновление данных в таблице deaian.ptrv_dwh_dim_terminals_hist 
2023-10-26 20:08:24.723814 - Успешное удаление данных в таблице deaian.ptrv_dwh_dim_terminals_hist 
2023-10-26 20:08:24.730545 - Успешное пополнение таблицы фактов deaian.ptrv_dwh_fact_passport_blacklist 
2023-10-26 20:08:51.401091 - Успешное пополнение таблицы фактов deaian.ptrv_dwh_fact_transactions 
2023-10-26 20:08:55.716455 - Отработаны скрипты по пополнению витрины данных deaian.ptrv_rep_fraud 
2023-10-26 20:10:06.845586 - Успешное подключение к БД Bank
2023-10-26 20:10:06.861009 - Успешное подключение к БД edu
2023-10-26 20:10:06.889867 - Очистка стейджинговых таблиц прошла успешно
2023-10-26 20:10:06.912133 -Успешная вставка данных в таблицу deaian.ptrv_stg_accounts
2023-10-26 20:10:06.959987 -Успешная вставка данных в таблицу deaian.ptrv_stg_cards
2023-10-26 20:10:06.974705 -Успешная вставка данных в таблицу deaian.ptrv_stg_clients
2023-10-26 20:10:07.091119 - Успешное считывание данных из terminals_02032021.xlsx
2023-10-26 20:10:07.129773 - Успешная вставка данных в таблицу deaian.ptrv_stg_terminals
2023-10-26 20:10:07.137636 - Успешное считывание данных из passport_blacklist_02032021.xlsx
2023-10-26 20:10:07.143798 - Успешная вставка данных в таблицу deaian.ptrv_stg_passport_blacklist
2023-10-26 20:10:07.165295 - Успешное считывание данных из transactions_02032021.txt
2023-10-26 20:10:11.381442 - Успешная вставка данных в таблицу deaian.ptrv_stg_transactions
2023-10-26 20:10:11.382898 - Успешная вставка данных в таблицу deaian.ptrv_dwh_dim_accounts_hist 
2023-10-26 20:10:11.384199 - Успешное обновление данных в таблице deaian.ptrv_dwh_dim_accounts_hist 
2023-10-26 20:10:11.385577 - Успешное удаление данных в таблице deaian.ptrv_dwh_dim_accounts_hist 
2023-10-26 20:10:11.386627 - Успешная вставка данных в таблицу deaian.ptrv_dwh_dim_cards_hist 
2023-10-26 20:10:11.387651 - Успешное обновление данных в таблице deaian.ptrv_dwh_dim_cards_hist 
2023-10-26 20:10:11.388686 - Успешное удаление данных в таблице deaian.ptrv_dwh_dim_cards_hist 
2023-10-26 20:10:11.389508 - Успешная вставка данных в таблицу deaian.ptrv_dwh_dim_clients_hist 
2023-10-26 20:10:11.390436 - Успешное обновление данных в таблице deaian.ptrv_dwh_dim_clients_hist 
2023-10-26 20:10:11.391551 - Успешное удаление данных в таблице deaian.ptrv_dwh_dim_clients_hist 
2023-10-26 20:10:11.393517 - Успешная вставка данных в таблицу deaian.ptrv_dwh_dim_terminals_hist 
2023-10-26 20:10:11.395994 - Успешное обновление данных в таблице deaian.ptrv_dwh_dim_terminals_hist 
2023-10-26 20:10:11.397179 - Успешное удаление данных в таблице deaian.ptrv_dwh_dim_terminals_hist 
2023-10-26 20:10:11.400623 - Успешное пополнение таблицы фактов deaian.ptrv_dwh_fact_passport_blacklist 
2023-10-26 20:10:11.447936 - Успешное пополнение таблицы фактов deaian.ptrv_dwh_fact_transactions 
2023-10-26 20:10:11.585539 - Отработаны скрипты по пополнению витрины данных deaian.ptrv_rep_fraud 
2023-10-26 20:10:19.041264 - Успешное подключение к БД Bank
2023-10-26 20:10:19.058892 - Успешное подключение к БД edu
2023-10-26 20:10:19.169830 - Очистка стейджинговых таблиц прошла успешно
2023-10-26 20:10:19.191629 -Успешная вставка данных в таблицу deaian.ptrv_stg_accounts
2023-10-26 20:10:19.237157 -Успешная вставка данных в таблицу deaian.ptrv_stg_cards
2023-10-26 20:10:19.250952 -Успешная вставка данных в таблицу deaian.ptrv_stg_clients
2023-10-26 20:10:19.369032 - Успешное считывание данных из terminals_03032021.xlsx
2023-10-26 20:10:19.436938 - Успешная вставка данных в таблицу deaian.ptrv_stg_terminals
2023-10-26 20:10:19.444866 - Успешное считывание данных из passport_blacklist_03032021.xlsx
2023-10-26 20:10:19.454008 - Успешная вставка данных в таблицу deaian.ptrv_stg_passport_blacklist
2023-10-26 20:10:19.474912 - Успешное считывание данных из transactions_03032021.txt
2023-10-26 20:10:24.479145 - Успешная вставка данных в таблицу deaian.ptrv_stg_transactions
2023-10-26 20:10:24.481914 - Успешная вставка данных в таблицу deaian.ptrv_dwh_dim_accounts_hist 
2023-10-26 20:10:24.483970 - Успешное обновление данных в таблице deaian.ptrv_dwh_dim_accounts_hist 
2023-10-26 20:10:24.485885 - Успешное удаление данных в таблице deaian.ptrv_dwh_dim_accounts_hist 
2023-10-26 20:10:24.487411 - Успешная вставка данных в таблицу deaian.ptrv_dwh_dim_cards_hist 
2023-10-26 20:10:24.488970 - Успешное обновление данных в таблице deaian.ptrv_dwh_dim_cards_hist 
2023-10-26 20:10:24.490692 - Успешное удаление данных в таблице deaian.ptrv_dwh_dim_cards_hist 
2023-10-26 20:10:24.491872 - Успешная вставка данных в таблицу deaian.ptrv_dwh_dim_clients_hist 
2023-10-26 20:10:24.493182 - Успешное обновление данных в таблице deaian.ptrv_dwh_dim_clients_hist 
2023-10-26 20:10:24.494755 - Успешное удаление данных в таблице deaian.ptrv_dwh_dim_clients_hist 
2023-10-26 20:10:24.495876 - Успешная вставка данных в таблицу deaian.ptrv_dwh_dim_terminals_hist 
2023-10-26 20:10:24.499178 - Успешное обновление данных в таблице deaian.ptrv_dwh_dim_terminals_hist 
2023-10-26 20:10:24.505373 - Успешное удаление данных в таблице deaian.ptrv_dwh_dim_terminals_hist 
2023-10-26 20:10:24.507924 - Успешное пополнение таблицы фактов deaian.ptrv_dwh_fact_passport_blacklist 
2023-10-26 20:10:24.653958 - Успешное пополнение таблицы фактов deaian.ptrv_dwh_fact_transactions 
2023-10-26 20:10:24.844583 - Отработаны скрипты по пополнению витрины данных deaian.ptrv_rep_fraud 
2023-10-31 08:54:20.900810 - Успешное подключение к БД Bank
2023-10-31 08:54:20.916006 - Успешное подключение к БД edu
2023-10-31 08:54:20.919980 - Очистка стейджинговых таблиц прошла успешно
2023-10-31 08:54:20.981963 -Успешная вставка данных в таблицу deaian.ptrv_stg_accounts
2023-10-31 08:54:21.030209 -Успешная вставка данных в таблицу deaian.ptrv_stg_cards
2023-10-31 08:54:21.063169 -Успешная вставка данных в таблицу deaian.ptrv_stg_clients
2023-10-31 08:54:21.175474 - Успешное считывание данных из terminals_01032021.xlsx
2023-10-31 08:54:21.230263 - Успешная вставка данных в таблицу deaian.ptrv_stg_terminals
2023-10-31 08:54:21.237573 - Успешное считывание данных из passport_blacklist_01032021.xlsx
2023-10-31 08:54:21.280822 - Успешная вставка данных в таблицу deaian.ptrv_stg_passport_blacklist
2023-10-31 08:54:21.302521 - Успешное считывание данных из transactions_01032021.txt
2023-10-31 08:54:24.820985 - Успешная вставка данных в таблицу deaian.ptrv_stg_transactions
2023-10-31 08:54:24.834571 - Успешная вставка данных в таблицу deaian.ptrv_dwh_dim_accounts_hist 
2023-10-31 08:54:24.836114 - Успешное обновление данных в таблице deaian.ptrv_dwh_dim_accounts_hist 
2023-10-31 08:54:24.837379 - Успешное удаление данных в таблице deaian.ptrv_dwh_dim_accounts_hist 
2023-10-31 08:54:24.852439 - Успешная вставка данных в таблицу deaian.ptrv_dwh_dim_cards_hist 
2023-10-31 08:54:24.853570 - Успешное обновление данных в таблице deaian.ptrv_dwh_dim_cards_hist 
2023-10-31 08:54:24.854731 - Успешное удаление данных в таблице deaian.ptrv_dwh_dim_cards_hist 
2023-10-31 08:54:24.879965 - Успешная вставка данных в таблицу deaian.ptrv_dwh_dim_clients_hist 
2023-10-31 08:54:24.881090 - Успешное обновление данных в таблице deaian.ptrv_dwh_dim_clients_hist 
2023-10-31 08:54:24.882291 - Успешное удаление данных в таблице deaian.ptrv_dwh_dim_clients_hist 
2023-10-31 08:54:24.892270 - Успешная вставка данных в таблицу deaian.ptrv_dwh_dim_terminals_hist 
2023-10-31 08:54:24.893852 - Успешное обновление данных в таблице deaian.ptrv_dwh_dim_terminals_hist 
2023-10-31 08:54:24.894999 - Успешное удаление данных в таблице deaian.ptrv_dwh_dim_terminals_hist 
2023-10-31 08:54:24.909000 - Успешное пополнение таблицы фактов deaian.ptrv_dwh_fact_passport_blacklist 
2023-10-31 08:54:24.949406 - Успешное пополнение таблицы фактов deaian.ptrv_dwh_fact_transactions 
2023-10-31 08:54:25.129755 - Отработаны скрипты по пополнению витрины данных deaian.ptrv_rep_fraud 
2023-10-31 08:54:34.467963 - Успешное подключение к БД Bank
2023-10-31 08:54:34.482826 - Успешное подключение к БД edu
2023-10-31 08:54:34.513376 - Очистка стейджинговых таблиц прошла успешно
2023-10-31 08:54:34.536069 -Успешная вставка данных в таблицу deaian.ptrv_stg_accounts
2023-10-31 08:54:34.581160 -Успешная вставка данных в таблицу deaian.ptrv_stg_cards
2023-10-31 08:54:34.602175 -Успешная вставка данных в таблицу deaian.ptrv_stg_clients
2023-10-31 08:54:34.717092 - Успешное считывание данных из terminals_02032021.xlsx
2023-10-31 08:54:34.751969 - Успешная вставка данных в таблицу deaian.ptrv_stg_terminals
2023-10-31 08:54:34.758993 - Успешное считывание данных из passport_blacklist_02032021.xlsx
2023-10-31 08:54:34.767553 - Успешная вставка данных в таблицу deaian.ptrv_stg_passport_blacklist
2023-10-31 08:54:34.788318 - Успешное считывание данных из transactions_02032021.txt
2023-10-31 08:54:38.364068 - Успешная вставка данных в таблицу deaian.ptrv_stg_transactions
2023-10-31 08:54:38.365483 - Успешная вставка данных в таблицу deaian.ptrv_dwh_dim_accounts_hist 
2023-10-31 08:54:38.366855 - Успешное обновление данных в таблице deaian.ptrv_dwh_dim_accounts_hist 
2023-10-31 08:54:38.368209 - Успешное удаление данных в таблице deaian.ptrv_dwh_dim_accounts_hist 
2023-10-31 08:54:38.369270 - Успешная вставка данных в таблицу deaian.ptrv_dwh_dim_cards_hist 
2023-10-31 08:54:38.370236 - Успешное обновление данных в таблице deaian.ptrv_dwh_dim_cards_hist 
2023-10-31 08:54:38.371325 - Успешное удаление данных в таблице deaian.ptrv_dwh_dim_cards_hist 
2023-10-31 08:54:38.372144 - Успешная вставка данных в таблицу deaian.ptrv_dwh_dim_clients_hist 
2023-10-31 08:54:38.373039 - Успешное обновление данных в таблице deaian.ptrv_dwh_dim_clients_hist 
2023-10-31 08:54:38.374082 - Успешное удаление данных в таблице deaian.ptrv_dwh_dim_clients_hist 
2023-10-31 08:54:38.376108 - Успешная вставка данных в таблицу deaian.ptrv_dwh_dim_terminals_hist 
2023-10-31 08:54:38.378453 - Успешное обновление данных в таблице deaian.ptrv_dwh_dim_terminals_hist 
2023-10-31 08:54:38.379584 - Успешное удаление данных в таблице deaian.ptrv_dwh_dim_terminals_hist 
2023-10-31 08:54:38.386147 - Успешное пополнение таблицы фактов deaian.ptrv_dwh_fact_passport_blacklist 
2023-10-31 08:54:38.423050 - Успешное пополнение таблицы фактов deaian.ptrv_dwh_fact_transactions 
2023-10-31 08:54:38.652348 - Отработаны скрипты по пополнению витрины данных deaian.ptrv_rep_fraud 
2023-10-31 08:54:43.285325 - Успешное подключение к БД Bank
2023-10-31 08:54:43.300140 - Успешное подключение к БД edu
2023-10-31 08:54:43.313444 - Очистка стейджинговых таблиц прошла успешно
2023-10-31 08:54:43.333321 -Успешная вставка данных в таблицу deaian.ptrv_stg_accounts
2023-10-31 08:54:43.377299 -Успешная вставка данных в таблицу deaian.ptrv_stg_cards
2023-10-31 08:54:43.390040 -Успешная вставка данных в таблицу deaian.ptrv_stg_clients
2023-10-31 08:54:43.501136 - Успешное считывание данных из terminals_03032021.xlsx
2023-10-31 08:54:43.534617 - Успешная вставка данных в таблицу deaian.ptrv_stg_terminals
2023-10-31 08:54:43.542267 - Успешное считывание данных из passport_blacklist_03032021.xlsx
2023-10-31 08:54:43.549326 - Успешная вставка данных в таблицу deaian.ptrv_stg_passport_blacklist
2023-10-31 08:54:43.569982 - Успешное считывание данных из transactions_03032021.txt
2023-10-31 08:54:47.130505 - Успешная вставка данных в таблицу deaian.ptrv_stg_transactions
2023-10-31 08:54:47.132182 - Успешная вставка данных в таблицу deaian.ptrv_dwh_dim_accounts_hist 
2023-10-31 08:54:47.133638 - Успешное обновление данных в таблице deaian.ptrv_dwh_dim_accounts_hist 
2023-10-31 08:54:47.135464 - Успешное удаление данных в таблице deaian.ptrv_dwh_dim_accounts_hist 
2023-10-31 08:54:47.136578 - Успешная вставка данных в таблицу deaian.ptrv_dwh_dim_cards_hist 
2023-10-31 08:54:47.137549 - Успешное обновление данных в таблице deaian.ptrv_dwh_dim_cards_hist 
2023-10-31 08:54:47.138701 - Успешное удаление данных в таблице deaian.ptrv_dwh_dim_cards_hist 
2023-10-31 08:54:47.139553 - Успешная вставка данных в таблицу deaian.ptrv_dwh_dim_clients_hist 
2023-10-31 08:54:47.140480 - Успешное обновление данных в таблице deaian.ptrv_dwh_dim_clients_hist 
2023-10-31 08:54:47.141543 - Успешное удаление данных в таблице deaian.ptrv_dwh_dim_clients_hist 
2023-10-31 08:54:47.142362 - Успешная вставка данных в таблицу deaian.ptrv_dwh_dim_terminals_hist 
2023-10-31 08:54:47.144989 - Успешное обновление данных в таблице deaian.ptrv_dwh_dim_terminals_hist 
2023-10-31 08:54:47.150522 - Успешное удаление данных в таблице deaian.ptrv_dwh_dim_terminals_hist 
2023-10-31 08:54:47.152822 - Успешное пополнение таблицы фактов deaian.ptrv_dwh_fact_passport_blacklist 
2023-10-31 08:54:47.197809 - Успешное пополнение таблицы фактов deaian.ptrv_dwh_fact_transactions 
2023-10-31 08:54:47.546110 - Отработаны скрипты по пополнению витрины данных deaian.ptrv_rep_fraud 
